[0.047s] Invoking command in '/home/amr/turtlebot3_ws/src/build/turtlebot3_cartographer': CMAKE_PREFIX_PATH=${CMAKE_PREFIX_PATH}:/home/amr/turtlebot3_ws/install/turtlebot3_teleop:/home/amr/turtlebot3_ws/install/turtlebot3_example:/home/amr/turtlebot3_ws/install/main:/home/amr/install/turtlebot3_teleop:/home/amr/install/turtlebot3_navigation2:/home/amr/install/turtlebot3_example:/home/amr/install/turtlebot3_description:/home/amr/install/main:/opt/ros/humble /usr/bin/cmake /home/amr/turtlebot3_ws/src/turtlebot3/turtlebot3_cartographer -DAMENT_CMAKE_SYMLINK_INSTALL=1 -DCMAKE_INSTALL_PREFIX=/home/amr/turtlebot3_ws/src/install/turtlebot3_cartographer
[0.234s] -- The C compiler identification is GNU 11.4.0
[0.485s] -- The CXX compiler identification is GNU 11.4.0
[0.517s] -- Detecting C compiler ABI info
[0.951s] -- Detecting C compiler ABI info - done
[1.015s] -- Check for working C compiler: /usr/bin/cc - skipped
[1.015s] -- Detecting C compile features
[1.015s] -- Detecting C compile features - done
[1.046s] -- Detecting CXX compiler ABI info
[1.525s] -- Detecting CXX compiler ABI info - done
[1.552s] -- Check for working CXX compiler: /usr/bin/c++ - skipped
[1.557s] -- Detecting CXX compile features
[1.561s] -- Detecting CXX compile features - done
[1.582s] -- Found ament_cmake: 1.3.12 (/opt/ros/humble/share/ament_cmake/cmake)
[2.646s] -- Found Python3: /usr/bin/python3 (found version "3.10.12") found components: Interpreter 
[3.043s] -- Override CMake install command with custom implementation using symlinks instead of copying resources
[3.530s] -- Configuring done
[3.540s] -- Generating done
[3.550s] -- Build files have been written to: /home/amr/turtlebot3_ws/src/build/turtlebot3_cartographer
[3.570s] Invoked command in '/home/amr/turtlebot3_ws/src/build/turtlebot3_cartographer' returned '0': CMAKE_PREFIX_PATH=${CMAKE_PREFIX_PATH}:/home/amr/turtlebot3_ws/install/turtlebot3_teleop:/home/amr/turtlebot3_ws/install/turtlebot3_example:/home/amr/turtlebot3_ws/install/main:/home/amr/install/turtlebot3_teleop:/home/amr/install/turtlebot3_navigation2:/home/amr/install/turtlebot3_example:/home/amr/install/turtlebot3_description:/home/amr/install/main:/opt/ros/humble /usr/bin/cmake /home/amr/turtlebot3_ws/src/turtlebot3/turtlebot3_cartographer -DAMENT_CMAKE_SYMLINK_INSTALL=1 -DCMAKE_INSTALL_PREFIX=/home/amr/turtlebot3_ws/src/install/turtlebot3_cartographer
[3.574s] Invoking command in '/home/amr/turtlebot3_ws/src/build/turtlebot3_cartographer': CMAKE_PREFIX_PATH=${CMAKE_PREFIX_PATH}:/home/amr/turtlebot3_ws/install/turtlebot3_teleop:/home/amr/turtlebot3_ws/install/turtlebot3_example:/home/amr/turtlebot3_ws/install/main:/home/amr/install/turtlebot3_teleop:/home/amr/install/turtlebot3_navigation2:/home/amr/install/turtlebot3_example:/home/amr/install/turtlebot3_description:/home/amr/install/main:/opt/ros/humble /usr/bin/cmake --build /home/amr/turtlebot3_ws/src/build/turtlebot3_cartographer -- -j4 -l4
[3.697s] Invoked command in '/home/amr/turtlebot3_ws/src/build/turtlebot3_cartographer' returned '0': CMAKE_PREFIX_PATH=${CMAKE_PREFIX_PATH}:/home/amr/turtlebot3_ws/install/turtlebot3_teleop:/home/amr/turtlebot3_ws/install/turtlebot3_example:/home/amr/turtlebot3_ws/install/main:/home/amr/install/turtlebot3_teleop:/home/amr/install/turtlebot3_navigation2:/home/amr/install/turtlebot3_example:/home/amr/install/turtlebot3_description:/home/amr/install/main:/opt/ros/humble /usr/bin/cmake --build /home/amr/turtlebot3_ws/src/build/turtlebot3_cartographer -- -j4 -l4
[3.699s] Invoking command in '/home/amr/turtlebot3_ws/src/build/turtlebot3_cartographer': CMAKE_PREFIX_PATH=${CMAKE_PREFIX_PATH}:/home/amr/turtlebot3_ws/install/turtlebot3_teleop:/home/amr/turtlebot3_ws/install/turtlebot3_example:/home/amr/turtlebot3_ws/install/main:/home/amr/install/turtlebot3_teleop:/home/amr/install/turtlebot3_navigation2:/home/amr/install/turtlebot3_example:/home/amr/install/turtlebot3_description:/home/amr/install/main:/opt/ros/humble /usr/bin/cmake --install /home/amr/turtlebot3_ws/src/build/turtlebot3_cartographer
[3.727s] -- Install configuration: ""
[3.728s] -- Execute custom install script
[3.730s] -- Symlinking: /home/amr/turtlebot3_ws/src/install/turtlebot3_cartographer/share/turtlebot3_cartographer/config/turtlebot3_lds_2d.lua
[3.756s] -- Symlinking: /home/amr/turtlebot3_ws/src/install/turtlebot3_cartographer/share/turtlebot3_cartographer/launch/cartographer.launch.py
[3.810s] -- Symlinking: /home/amr/turtlebot3_ws/src/install/turtlebot3_cartographer/share/turtlebot3_cartographer/launch/occupancy_grid.launch.py
[3.846s] -- Symlinking: /home/amr/turtlebot3_ws/src/install/turtlebot3_cartographer/share/turtlebot3_cartographer/rviz/tb3_cartographer.rviz
[3.918s] -- Symlinking: /home/amr/turtlebot3_ws/src/install/turtlebot3_cartographer/share/ament_index/resource_index/package_run_dependencies/turtlebot3_cartographer
[3.971s] -- Symlinking: /home/amr/turtlebot3_ws/src/install/turtlebot3_cartographer/share/ament_index/resource_index/parent_prefix_path/turtlebot3_cartographer
[4.018s] -- Symlinking: /home/amr/turtlebot3_ws/src/install/turtlebot3_cartographer/share/turtlebot3_cartographer/environment/ament_prefix_path.sh
[4.058s] -- Symlinking: /home/amr/turtlebot3_ws/src/install/turtlebot3_cartographer/share/turtlebot3_cartographer/environment/ament_prefix_path.dsv
[4.102s] -- Symlinking: /home/amr/turtlebot3_ws/src/install/turtlebot3_cartographer/share/turtlebot3_cartographer/environment/path.sh
[4.145s] -- Symlinking: /home/amr/turtlebot3_ws/src/install/turtlebot3_cartographer/share/turtlebot3_cartographer/environment/path.dsv
[4.176s] -- Symlinking: /home/amr/turtlebot3_ws/src/install/turtlebot3_cartographer/share/turtlebot3_cartographer/local_setup.bash
[4.217s] -- Symlinking: /home/amr/turtlebot3_ws/src/install/turtlebot3_cartographer/share/turtlebot3_cartographer/local_setup.sh
[4.257s] -- Symlinking: /home/amr/turtlebot3_ws/src/install/turtlebot3_cartographer/share/turtlebot3_cartographer/local_setup.zsh
[4.292s] -- Symlinking: /home/amr/turtlebot3_ws/src/install/turtlebot3_cartographer/share/turtlebot3_cartographer/local_setup.dsv
[4.352s] -- Symlinking: /home/amr/turtlebot3_ws/src/install/turtlebot3_cartographer/share/turtlebot3_cartographer/package.dsv
[4.388s] -- Symlinking: /home/amr/turtlebot3_ws/src/install/turtlebot3_cartographer/share/ament_index/resource_index/packages/turtlebot3_cartographer
[4.425s] -- Symlinking: /home/amr/turtlebot3_ws/src/install/turtlebot3_cartographer/share/turtlebot3_cartographer/cmake/turtlebot3_cartographerConfig.cmake
[4.460s] -- Symlinking: /home/amr/turtlebot3_ws/src/install/turtlebot3_cartographer/share/turtlebot3_cartographer/cmake/turtlebot3_cartographerConfig-version.cmake
[4.504s] -- Symlinking: /home/amr/turtlebot3_ws/src/install/turtlebot3_cartographer/share/turtlebot3_cartographer/package.xml
[4.568s] Invoked command in '/home/amr/turtlebot3_ws/src/build/turtlebot3_cartographer' returned '0': CMAKE_PREFIX_PATH=${CMAKE_PREFIX_PATH}:/home/amr/turtlebot3_ws/install/turtlebot3_teleop:/home/amr/turtlebot3_ws/install/turtlebot3_example:/home/amr/turtlebot3_ws/install/main:/home/amr/install/turtlebot3_teleop:/home/amr/install/turtlebot3_navigation2:/home/amr/install/turtlebot3_example:/home/amr/install/turtlebot3_description:/home/amr/install/main:/opt/ros/humble /usr/bin/cmake --install /home/amr/turtlebot3_ws/src/build/turtlebot3_cartographer
