[2.007s] Invoking command in '/home/amr/turtlebot3_ws/build/turtlebot3_example': CMAKE_PREFIX_PATH=/home/amr/turtlebot3_ws/install/turtlebot3_msgs:/home/amr/turtlebot3_ws/install/turtlebot3:/home/amr/turtlebot3_ws/install/turtlebot3_bringup:/home/amr/turtlebot3_ws/install/turtlebot3_node:/home/amr/turtlebot3_ws/install/turtlebot3_navigation2:/home/amr/turtlebot3_ws/install/turtlebot3_cartographer:/home/amr/turtlebot3_ws/install/rplidar_ros:/home/amr/turtlebot3_ws/install/dynamixel_sdk_examples:/home/amr/turtlebot3_ws/install/dynamixel_sdk_custom_interfaces:/home/amr/turtlebot3_ws/install/dynamixel_sdk:/home/amr/install/turtlebot3:/home/amr/install/turtlebot3_simulations:/home/amr/install/turtlebot3_bringup:/home/amr/install/turtlebot3_node:/home/amr/install/turtlebot3_fake_node:/home/amr/install/turtlebot3_msgs:/home/amr/install/turtlebot3_manipulation_gazebo:/home/amr/install/turtlebot3_gazebo:/home/amr/install/turtlebot3_cartographer:/home/amr/install/rplidar_ros:/home/amr/install/dynamixel_sdk_examples:/home/amr/install/dynamixel_sdk_custom_interfaces:/home/amr/install/dynamixel_sdk LD_LIBRARY_PATH=/home/amr/turtlebot3_ws/install/turtlebot3_msgs/lib:/home/amr/turtlebot3_ws/install/dynamixel_sdk_custom_interfaces/lib:/home/amr/turtlebot3_ws/install/dynamixel_sdk/lib:/home/amr/install/turtlebot3_msgs/lib:/home/amr/install/rplidar_ros/lib:/home/amr/install/dynamixel_sdk_custom_interfaces/lib:/home/amr/install/dynamixel_sdk/lib:/usr/lib/x86_64-linux-gnu/gazebo-11/plugins:/opt/ros/humble/opt/rviz_ogre_vendor/lib:/opt/ros/humble/lib/x86_64-linux-gnu:/opt/ros/humble/lib:/usr/lib/x86_64-linux-gnu/gazebo-11/plugins PYTHONPATH=/home/amr/turtlebot3_ws/build/turtlebot3_example/prefix_override:/usr/lib/python3/dist-packages/colcon_core/task/python/colcon_distutils_commands:/home/amr/turtlebot3_ws/install/turtlebot3_example/lib/python3.10/site-packages:${PYTHONPATH} /usr/bin/python3 -W ignore:setup.py install is deprecated -W ignore:easy_install command is deprecated setup.py develop --editable --build-directory /home/amr/turtlebot3_ws/build/turtlebot3_example/build --no-deps symlink_data
[2.833s] running develop
[3.788s] running egg_info
[3.788s] creating turtlebot3_example.egg-info
[3.790s] writing turtlebot3_example.egg-info/PKG-INFO
[3.791s] writing dependency_links to turtlebot3_example.egg-info/dependency_links.txt
[3.793s] writing entry points to turtlebot3_example.egg-info/entry_points.txt
[3.797s] writing requirements to turtlebot3_example.egg-info/requires.txt
[3.798s] writing top-level names to turtlebot3_example.egg-info/top_level.txt
[3.798s] writing manifest file 'turtlebot3_example.egg-info/SOURCES.txt'
[3.812s] reading manifest file 'turtlebot3_example.egg-info/SOURCES.txt'
[3.813s] writing manifest file 'turtlebot3_example.egg-info/SOURCES.txt'
[3.818s] running build_ext
[3.819s] Creating /home/amr/turtlebot3_ws/install/turtlebot3_example/lib/python3.10/site-packages/turtlebot3-example.egg-link (link to .)
[3.821s] Installing turtlebot3_absolute_move script to /home/amr/turtlebot3_ws/install/turtlebot3_example/lib/turtlebot3_example
[3.823s] Installing turtlebot3_interactive_marker script to /home/amr/turtlebot3_ws/install/turtlebot3_example/lib/turtlebot3_example
[3.824s] Installing turtlebot3_obstacle_detection script to /home/amr/turtlebot3_ws/install/turtlebot3_example/lib/turtlebot3_example
[3.826s] Installing turtlebot3_patrol_client script to /home/amr/turtlebot3_ws/install/turtlebot3_example/lib/turtlebot3_example
[3.827s] Installing turtlebot3_patrol_server script to /home/amr/turtlebot3_ws/install/turtlebot3_example/lib/turtlebot3_example
[3.829s] Installing turtlebot3_relative_move script to /home/amr/turtlebot3_ws/install/turtlebot3_example/lib/turtlebot3_example
[3.830s] 
[3.830s] Installed /home/amr/turtlebot3_ws/build/turtlebot3_example
[3.831s] running symlink_data
[3.831s] creating /home/amr/turtlebot3_ws/install/turtlebot3_example/share/ament_index
[3.832s] creating /home/amr/turtlebot3_ws/install/turtlebot3_example/share/ament_index/resource_index
[3.836s] creating /home/amr/turtlebot3_ws/install/turtlebot3_example/share/ament_index/resource_index/packages
[3.837s] symbolically linking /home/amr/turtlebot3_ws/build/turtlebot3_example/resource/turtlebot3_example -> /home/amr/turtlebot3_ws/install/turtlebot3_example/share/ament_index/resource_index/packages
[3.837s] symbolically linking /home/amr/turtlebot3_ws/build/turtlebot3_example/package.xml -> /home/amr/turtlebot3_ws/install/turtlebot3_example/share/turtlebot3_example
[3.942s] Invoked command in '/home/amr/turtlebot3_ws/build/turtlebot3_example' returned '0': CMAKE_PREFIX_PATH=/home/amr/turtlebot3_ws/install/turtlebot3_msgs:/home/amr/turtlebot3_ws/install/turtlebot3:/home/amr/turtlebot3_ws/install/turtlebot3_bringup:/home/amr/turtlebot3_ws/install/turtlebot3_node:/home/amr/turtlebot3_ws/install/turtlebot3_navigation2:/home/amr/turtlebot3_ws/install/turtlebot3_cartographer:/home/amr/turtlebot3_ws/install/rplidar_ros:/home/amr/turtlebot3_ws/install/dynamixel_sdk_examples:/home/amr/turtlebot3_ws/install/dynamixel_sdk_custom_interfaces:/home/amr/turtlebot3_ws/install/dynamixel_sdk:/home/amr/install/turtlebot3:/home/amr/install/turtlebot3_simulations:/home/amr/install/turtlebot3_bringup:/home/amr/install/turtlebot3_node:/home/amr/install/turtlebot3_fake_node:/home/amr/install/turtlebot3_msgs:/home/amr/install/turtlebot3_manipulation_gazebo:/home/amr/install/turtlebot3_gazebo:/home/amr/install/turtlebot3_cartographer:/home/amr/install/rplidar_ros:/home/amr/install/dynamixel_sdk_examples:/home/amr/install/dynamixel_sdk_custom_interfaces:/home/amr/install/dynamixel_sdk LD_LIBRARY_PATH=/home/amr/turtlebot3_ws/install/turtlebot3_msgs/lib:/home/amr/turtlebot3_ws/install/dynamixel_sdk_custom_interfaces/lib:/home/amr/turtlebot3_ws/install/dynamixel_sdk/lib:/home/amr/install/turtlebot3_msgs/lib:/home/amr/install/rplidar_ros/lib:/home/amr/install/dynamixel_sdk_custom_interfaces/lib:/home/amr/install/dynamixel_sdk/lib:/usr/lib/x86_64-linux-gnu/gazebo-11/plugins:/opt/ros/humble/opt/rviz_ogre_vendor/lib:/opt/ros/humble/lib/x86_64-linux-gnu:/opt/ros/humble/lib:/usr/lib/x86_64-linux-gnu/gazebo-11/plugins PYTHONPATH=/home/amr/turtlebot3_ws/build/turtlebot3_example/prefix_override:/usr/lib/python3/dist-packages/colcon_core/task/python/colcon_distutils_commands:/home/amr/turtlebot3_ws/install/turtlebot3_example/lib/python3.10/site-packages:${PYTHONPATH} /usr/bin/python3 -W ignore:setup.py install is deprecated -W ignore:easy_install command is deprecated setup.py develop --editable --build-directory /home/amr/turtlebot3_ws/build/turtlebot3_example/build --no-deps symlink_data
