[0.055s] Invoking command in '/home/amr/turtlebot3_ws/build/rplidar_ros': CMAKE_PREFIX_PATH=${CMAKE_PREFIX_PATH}:/home/amr/turtlebot3_ws/install/turtlebot3_teleop:/home/amr/turtlebot3_ws/install/turtlebot3_example:/home/amr/turtlebot3_ws/install/main:/home/amr/install/turtlebot3_teleop:/home/amr/install/turtlebot3_navigation2:/home/amr/install/turtlebot3_example:/home/amr/install/turtlebot3_description:/home/amr/install/main:/opt/ros/humble /usr/bin/cmake --build /home/amr/turtlebot3_ws/build/rplidar_ros -- -j4 -l4
[0.236s] [35m[1mConsolidate compiler generated dependencies of target rplidar_composition[0m
[0.253s] [35m[1mConsolidate compiler generated dependencies of target rplidar_node[0m
[0.258s] [35m[1mConsolidate compiler generated dependencies of target rplidar_client[0m
[0.335s] [  5%] Built target rplidar_client
[0.343s] [ 52%] Built target rplidar_composition
[0.382s] [100%] Built target rplidar_node
[0.434s] Invoked command in '/home/amr/turtlebot3_ws/build/rplidar_ros' returned '0': CMAKE_PREFIX_PATH=${CMAKE_PREFIX_PATH}:/home/amr/turtlebot3_ws/install/turtlebot3_teleop:/home/amr/turtlebot3_ws/install/turtlebot3_example:/home/amr/turtlebot3_ws/install/main:/home/amr/install/turtlebot3_teleop:/home/amr/install/turtlebot3_navigation2:/home/amr/install/turtlebot3_example:/home/amr/install/turtlebot3_description:/home/amr/install/main:/opt/ros/humble /usr/bin/cmake --build /home/amr/turtlebot3_ws/build/rplidar_ros -- -j4 -l4
[0.446s] Invoking command in '/home/amr/turtlebot3_ws/build/rplidar_ros': CMAKE_PREFIX_PATH=${CMAKE_PREFIX_PATH}:/home/amr/turtlebot3_ws/install/turtlebot3_teleop:/home/amr/turtlebot3_ws/install/turtlebot3_example:/home/amr/turtlebot3_ws/install/main:/home/amr/install/turtlebot3_teleop:/home/amr/install/turtlebot3_navigation2:/home/amr/install/turtlebot3_example:/home/amr/install/turtlebot3_description:/home/amr/install/main:/opt/ros/humble /usr/bin/cmake --install /home/amr/turtlebot3_ws/build/rplidar_ros
[0.481s] -- Install configuration: ""
[0.487s] -- Execute custom install script
[0.493s] -- Up-to-date symlink: /home/amr/turtlebot3_ws/install/rplidar_ros/share/rplidar_ros/launch/__pycache__/view_rplidar_a2m8_launch.cpython-310.pyc
[0.493s] -- Up-to-date symlink: /home/amr/turtlebot3_ws/install/rplidar_ros/share/rplidar_ros/launch/rplidar_a1_launch.py
[0.493s] -- Up-to-date symlink: /home/amr/turtlebot3_ws/install/rplidar_ros/share/rplidar_ros/launch/rplidar_a2m12_launch.py
[0.493s] -- Up-to-date symlink: /home/amr/turtlebot3_ws/install/rplidar_ros/share/rplidar_ros/launch/rplidar_a2m7_launch.py
[0.493s] -- Up-to-date symlink: /home/amr/turtlebot3_ws/install/rplidar_ros/share/rplidar_ros/launch/rplidar_a2m8_launch.py
[0.493s] -- Up-to-date symlink: /home/amr/turtlebot3_ws/install/rplidar_ros/share/rplidar_ros/launch/rplidar_a3_launch.py
[0.497s] -- Up-to-date symlink: /home/amr/turtlebot3_ws/install/rplidar_ros/share/rplidar_ros/launch/rplidar_c1_launch.py
[0.497s] -- Up-to-date symlink: /home/amr/turtlebot3_ws/install/rplidar_ros/share/rplidar_ros/launch/rplidar_s1_launch.py
[0.498s] -- Up-to-date symlink: /home/amr/turtlebot3_ws/install/rplidar_ros/share/rplidar_ros/launch/rplidar_s1_tcp_launch.py
[0.498s] -- Up-to-date symlink: /home/amr/turtlebot3_ws/install/rplidar_ros/share/rplidar_ros/launch/rplidar_s2_launch.py
[0.500s] -- Up-to-date symlink: /home/amr/turtlebot3_ws/install/rplidar_ros/share/rplidar_ros/launch/rplidar_s2e_launch.py
[0.501s] -- Up-to-date symlink: /home/amr/turtlebot3_ws/install/rplidar_ros/share/rplidar_ros/launch/rplidar_s3_launch.py
[0.502s] -- Up-to-date symlink: /home/amr/turtlebot3_ws/install/rplidar_ros/share/rplidar_ros/launch/rplidar_t1_launch.py
[0.502s] -- Up-to-date symlink: /home/amr/turtlebot3_ws/install/rplidar_ros/share/rplidar_ros/launch/view_rplidar_a1_launch.py
[0.502s] -- Up-to-date symlink: /home/amr/turtlebot3_ws/install/rplidar_ros/share/rplidar_ros/launch/view_rplidar_a2m12_launch.py
[0.507s] -- Up-to-date symlink: /home/amr/turtlebot3_ws/install/rplidar_ros/share/rplidar_ros/launch/view_rplidar_a2m7_launch.py
[0.507s] -- Up-to-date symlink: /home/amr/turtlebot3_ws/install/rplidar_ros/share/rplidar_ros/launch/view_rplidar_a2m8_launch.py
[0.507s] -- Up-to-date symlink: /home/amr/turtlebot3_ws/install/rplidar_ros/share/rplidar_ros/launch/view_rplidar_a3_launch.py
[0.507s] -- Up-to-date symlink: /home/amr/turtlebot3_ws/install/rplidar_ros/share/rplidar_ros/launch/view_rplidar_c1_launch.py
[0.508s] -- Up-to-date symlink: /home/amr/turtlebot3_ws/install/rplidar_ros/share/rplidar_ros/launch/view_rplidar_s1_launch.py
[0.512s] -- Up-to-date symlink: /home/amr/turtlebot3_ws/install/rplidar_ros/share/rplidar_ros/launch/view_rplidar_s1_tcp_launch.py
[0.513s] -- Up-to-date symlink: /home/amr/turtlebot3_ws/install/rplidar_ros/share/rplidar_ros/launch/view_rplidar_s2_launch.py
[0.513s] -- Up-to-date symlink: /home/amr/turtlebot3_ws/install/rplidar_ros/share/rplidar_ros/launch/view_rplidar_s2e_launch.py
[0.513s] -- Up-to-date symlink: /home/amr/turtlebot3_ws/install/rplidar_ros/share/rplidar_ros/launch/view_rplidar_s3_launch.py
[0.515s] -- Up-to-date symlink: /home/amr/turtlebot3_ws/install/rplidar_ros/share/rplidar_ros/launch/view_rplidar_t1_launch.py
[0.516s] -- Up-to-date symlink: /home/amr/turtlebot3_ws/install/rplidar_ros/share/rplidar_ros/rviz/rplidar_ros.rviz
[0.516s] -- Up-to-date symlink: /home/amr/turtlebot3_ws/install/rplidar_ros/lib/rplidar_ros/rplidar_node
[0.516s] -- Up-to-date symlink: /home/amr/turtlebot3_ws/install/rplidar_ros/lib/rplidar_ros/rplidar_composition
[0.516s] -- Up-to-date symlink: /home/amr/turtlebot3_ws/install/rplidar_ros/lib/rplidar_ros/rplidar_client
[0.519s] -- Up-to-date symlink: /home/amr/turtlebot3_ws/install/rplidar_ros/share/ament_index/resource_index/package_run_dependencies/rplidar_ros
[0.519s] -- Up-to-date symlink: /home/amr/turtlebot3_ws/install/rplidar_ros/share/ament_index/resource_index/parent_prefix_path/rplidar_ros
[0.519s] -- Up-to-date symlink: /home/amr/turtlebot3_ws/install/rplidar_ros/share/rplidar_ros/environment/ament_prefix_path.sh
[0.519s] -- Up-to-date symlink: /home/amr/turtlebot3_ws/install/rplidar_ros/share/rplidar_ros/environment/ament_prefix_path.dsv
[0.523s] -- Up-to-date symlink: /home/amr/turtlebot3_ws/install/rplidar_ros/share/rplidar_ros/environment/path.sh
[0.525s] -- Up-to-date symlink: /home/amr/turtlebot3_ws/install/rplidar_ros/share/rplidar_ros/environment/path.dsv
[0.525s] -- Up-to-date symlink: /home/amr/turtlebot3_ws/install/rplidar_ros/share/rplidar_ros/local_setup.bash
[0.526s] -- Up-to-date symlink: /home/amr/turtlebot3_ws/install/rplidar_ros/share/rplidar_ros/local_setup.sh
[0.528s] -- Up-to-date symlink: /home/amr/turtlebot3_ws/install/rplidar_ros/share/rplidar_ros/local_setup.zsh
[0.530s] -- Up-to-date symlink: /home/amr/turtlebot3_ws/install/rplidar_ros/share/rplidar_ros/local_setup.dsv
[0.530s] -- Symlinking: /home/amr/turtlebot3_ws/install/rplidar_ros/share/rplidar_ros/package.dsv
[0.564s] -- Up-to-date symlink: /home/amr/turtlebot3_ws/install/rplidar_ros/share/ament_index/resource_index/packages/rplidar_ros
[0.566s] -- Up-to-date symlink: /home/amr/turtlebot3_ws/install/rplidar_ros/share/rplidar_ros/cmake/ament_cmake_export_dependencies-extras.cmake
[0.569s] -- Up-to-date symlink: /home/amr/turtlebot3_ws/install/rplidar_ros/share/rplidar_ros/cmake/ament_cmake_export_include_directories-extras.cmake
[0.574s] -- Up-to-date symlink: /home/amr/turtlebot3_ws/install/rplidar_ros/share/rplidar_ros/cmake/rplidar_rosConfig.cmake
[0.575s] -- Up-to-date symlink: /home/amr/turtlebot3_ws/install/rplidar_ros/share/rplidar_ros/cmake/rplidar_rosConfig-version.cmake
[0.575s] -- Up-to-date symlink: /home/amr/turtlebot3_ws/install/rplidar_ros/share/rplidar_ros/package.xml
[0.595s] Invoked command in '/home/amr/turtlebot3_ws/build/rplidar_ros' returned '0': CMAKE_PREFIX_PATH=${CMAKE_PREFIX_PATH}:/home/amr/turtlebot3_ws/install/turtlebot3_teleop:/home/amr/turtlebot3_ws/install/turtlebot3_example:/home/amr/turtlebot3_ws/install/main:/home/amr/install/turtlebot3_teleop:/home/amr/install/turtlebot3_navigation2:/home/amr/install/turtlebot3_example:/home/amr/install/turtlebot3_description:/home/amr/install/main:/opt/ros/humble /usr/bin/cmake --install /home/amr/turtlebot3_ws/build/rplidar_ros
