[0.045s] Invoking command in '/home/amr/turtlebot3_ws/src/build/dynamixel_sdk': CMAKE_PREFIX_PATH=${CMAKE_PREFIX_PATH}:/home/amr/turtlebot3_ws/install/turtlebot3_teleop:/home/amr/turtlebot3_ws/install/turtlebot3_example:/home/amr/turtlebot3_ws/install/main:/home/amr/install/turtlebot3_teleop:/home/amr/install/turtlebot3_navigation2:/home/amr/install/turtlebot3_example:/home/amr/install/turtlebot3_description:/home/amr/install/main:/opt/ros/humble /usr/bin/cmake /home/amr/turtlebot3_ws/src/DynamixelSDK/ros/dynamixel_sdk -DAMENT_CMAKE_SYMLINK_INSTALL=1 -DCMAKE_INSTALL_PREFIX=/home/amr/turtlebot3_ws/src/install/dynamixel_sdk
[0.161s] -- The C compiler identification is GNU 11.4.0
[0.254s] -- The CXX compiler identification is GNU 11.4.0
[0.272s] -- Detecting C compiler ABI info
[0.385s] -- Detecting C compiler ABI info - done
[0.397s] -- Check for working C compiler: /usr/bin/cc - skipped
[0.397s] -- Detecting C compile features
[0.398s] -- Detecting C compile features - done
[0.404s] -- Detecting CXX compiler ABI info
[0.554s] -- Detecting CXX compiler ABI info - done
[0.571s] -- Check for working CXX compiler: /usr/bin/c++ - skipped
[0.571s] -- Detecting CXX compile features
[0.572s] -- Detecting CXX compile features - done
[0.582s] -- Found ament_cmake: 1.3.12 (/opt/ros/humble/share/ament_cmake/cmake)
[0.907s] -- Found Python3: /usr/bin/python3 (found version "3.10.12") found components: Interpreter 
[1.048s] -- Override CMake install command with custom implementation using symlinks instead of copying resources
[1.518s] -- Configuring done
[1.534s] -- Generating done
[1.543s] -- Build files have been written to: /home/amr/turtlebot3_ws/src/build/dynamixel_sdk
[1.556s] Invoked command in '/home/amr/turtlebot3_ws/src/build/dynamixel_sdk' returned '0': CMAKE_PREFIX_PATH=${CMAKE_PREFIX_PATH}:/home/amr/turtlebot3_ws/install/turtlebot3_teleop:/home/amr/turtlebot3_ws/install/turtlebot3_example:/home/amr/turtlebot3_ws/install/main:/home/amr/install/turtlebot3_teleop:/home/amr/install/turtlebot3_navigation2:/home/amr/install/turtlebot3_example:/home/amr/install/turtlebot3_description:/home/amr/install/main:/opt/ros/humble /usr/bin/cmake /home/amr/turtlebot3_ws/src/DynamixelSDK/ros/dynamixel_sdk -DAMENT_CMAKE_SYMLINK_INSTALL=1 -DCMAKE_INSTALL_PREFIX=/home/amr/turtlebot3_ws/src/install/dynamixel_sdk
[1.557s] Invoking command in '/home/amr/turtlebot3_ws/src/build/dynamixel_sdk': CMAKE_PREFIX_PATH=${CMAKE_PREFIX_PATH}:/home/amr/turtlebot3_ws/install/turtlebot3_teleop:/home/amr/turtlebot3_ws/install/turtlebot3_example:/home/amr/turtlebot3_ws/install/main:/home/amr/install/turtlebot3_teleop:/home/amr/install/turtlebot3_navigation2:/home/amr/install/turtlebot3_example:/home/amr/install/turtlebot3_description:/home/amr/install/main:/opt/ros/humble /usr/bin/cmake --build /home/amr/turtlebot3_ws/src/build/dynamixel_sdk -- -j4 -l4
[1.693s] [  7%] [32mBuilding CXX object CMakeFiles/dynamixel_sdk.dir/src/dynamixel_sdk/packet_handler.cpp.o[0m
[1.693s] [ 15%] [32mBuilding CXX object CMakeFiles/dynamixel_sdk.dir/src/dynamixel_sdk/protocol1_packet_handler.cpp.o[0m
[1.702s] [ 15%] Built target ament_cmake_python_symlink_dynamixel_sdk
[1.705s] [ 23%] [32mBuilding CXX object CMakeFiles/dynamixel_sdk.dir/src/dynamixel_sdk/protocol2_packet_handler.cpp.o[0m
[1.733s] [ 30%] [32mBuilding CXX object CMakeFiles/dynamixel_sdk.dir/src/dynamixel_sdk/group_sync_read.cpp.o[0m
[2.074s] [ 38%] [32mBuilding CXX object CMakeFiles/dynamixel_sdk.dir/src/dynamixel_sdk/group_sync_write.cpp.o[0m
[2.227s] [ 46%] [32mBuilding CXX object CMakeFiles/dynamixel_sdk.dir/src/dynamixel_sdk/group_bulk_read.cpp.o[0m
[3.607s] [ 53%] [32mBuilding CXX object CMakeFiles/dynamixel_sdk.dir/src/dynamixel_sdk/group_bulk_write.cpp.o[0m
[3.751s] [ 61%] [32mBuilding CXX object CMakeFiles/dynamixel_sdk.dir/src/dynamixel_sdk/group_fast_bulk_read.cpp.o[0m
[4.244s] [ 69%] [32mBuilding CXX object CMakeFiles/dynamixel_sdk.dir/src/dynamixel_sdk/group_fast_sync_read.cpp.o[0m
[4.301s] running egg_info
[4.303s] creating dynamixel_sdk.egg-info
[4.308s] writing dynamixel_sdk.egg-info/PKG-INFO
[4.312s] writing dependency_links to dynamixel_sdk.egg-info/dependency_links.txt
[4.313s] writing top-level names to dynamixel_sdk.egg-info/top_level.txt
[4.313s] writing manifest file 'dynamixel_sdk.egg-info/SOURCES.txt'
[4.320s] reading manifest file 'dynamixel_sdk.egg-info/SOURCES.txt'
[4.322s] writing manifest file 'dynamixel_sdk.egg-info/SOURCES.txt'
[4.481s] [ 69%] Built target ament_cmake_python_build_dynamixel_sdk_egg
[4.521s] [ 76%] [32mBuilding CXX object CMakeFiles/dynamixel_sdk.dir/src/dynamixel_sdk/group_handler.cpp.o[0m
[5.376s] [ 84%] [32mBuilding CXX object CMakeFiles/dynamixel_sdk.dir/src/dynamixel_sdk/port_handler.cpp.o[0m
[5.444s] [ 92%] [32mBuilding CXX object CMakeFiles/dynamixel_sdk.dir/src/dynamixel_sdk/port_handler_linux.cpp.o[0m
[6.225s] [100%] [32m[1mLinking CXX shared library libdynamixel_sdk.so[0m
[6.507s] [100%] Built target dynamixel_sdk
[6.546s] Invoked command in '/home/amr/turtlebot3_ws/src/build/dynamixel_sdk' returned '0': CMAKE_PREFIX_PATH=${CMAKE_PREFIX_PATH}:/home/amr/turtlebot3_ws/install/turtlebot3_teleop:/home/amr/turtlebot3_ws/install/turtlebot3_example:/home/amr/turtlebot3_ws/install/main:/home/amr/install/turtlebot3_teleop:/home/amr/install/turtlebot3_navigation2:/home/amr/install/turtlebot3_example:/home/amr/install/turtlebot3_description:/home/amr/install/main:/opt/ros/humble /usr/bin/cmake --build /home/amr/turtlebot3_ws/src/build/dynamixel_sdk -- -j4 -l4
[6.546s] Invoking command in '/home/amr/turtlebot3_ws/src/build/dynamixel_sdk': CMAKE_PREFIX_PATH=${CMAKE_PREFIX_PATH}:/home/amr/turtlebot3_ws/install/turtlebot3_teleop:/home/amr/turtlebot3_ws/install/turtlebot3_example:/home/amr/turtlebot3_ws/install/main:/home/amr/install/turtlebot3_teleop:/home/amr/install/turtlebot3_navigation2:/home/amr/install/turtlebot3_example:/home/amr/install/turtlebot3_description:/home/amr/install/main:/opt/ros/humble /usr/bin/cmake --install /home/amr/turtlebot3_ws/src/build/dynamixel_sdk
[6.572s] -- Install configuration: ""
[6.572s] -- Execute custom install script
[6.573s] -- Symlinking: /home/amr/turtlebot3_ws/src/install/dynamixel_sdk/include//dynamixel_sdk/dynamixel_sdk.h
[6.597s] -- Symlinking: /home/amr/turtlebot3_ws/src/install/dynamixel_sdk/include//dynamixel_sdk/group_bulk_read.h
[6.629s] -- Symlinking: /home/amr/turtlebot3_ws/src/install/dynamixel_sdk/include//dynamixel_sdk/group_bulk_write.h
[6.685s] -- Symlinking: /home/amr/turtlebot3_ws/src/install/dynamixel_sdk/include//dynamixel_sdk/group_fast_bulk_read.h
[6.708s] -- Symlinking: /home/amr/turtlebot3_ws/src/install/dynamixel_sdk/include//dynamixel_sdk/group_fast_sync_read.h
[6.752s] -- Symlinking: /home/amr/turtlebot3_ws/src/install/dynamixel_sdk/include//dynamixel_sdk/group_handler.h
[6.798s] -- Symlinking: /home/amr/turtlebot3_ws/src/install/dynamixel_sdk/include//dynamixel_sdk/group_sync_read.h
[6.859s] -- Symlinking: /home/amr/turtlebot3_ws/src/install/dynamixel_sdk/include//dynamixel_sdk/group_sync_write.h
[6.901s] -- Symlinking: /home/amr/turtlebot3_ws/src/install/dynamixel_sdk/include//dynamixel_sdk/packet_handler.h
[6.962s] -- Symlinking: /home/amr/turtlebot3_ws/src/install/dynamixel_sdk/include//dynamixel_sdk/port_handler.h
[7.027s] -- Symlinking: /home/amr/turtlebot3_ws/src/install/dynamixel_sdk/include//dynamixel_sdk/port_handler_arduino.h
[7.083s] -- Symlinking: /home/amr/turtlebot3_ws/src/install/dynamixel_sdk/include//dynamixel_sdk/port_handler_linux.h
[7.142s] -- Symlinking: /home/amr/turtlebot3_ws/src/install/dynamixel_sdk/include//dynamixel_sdk/port_handler_mac.h
[7.189s] -- Symlinking: /home/amr/turtlebot3_ws/src/install/dynamixel_sdk/include//dynamixel_sdk/port_handler_windows.h
[7.240s] -- Symlinking: /home/amr/turtlebot3_ws/src/install/dynamixel_sdk/include//dynamixel_sdk/protocol1_packet_handler.h
[7.297s] -- Symlinking: /home/amr/turtlebot3_ws/src/install/dynamixel_sdk/include//dynamixel_sdk/protocol2_packet_handler.h
[7.356s] -- Symlinking: /home/amr/turtlebot3_ws/src/install/dynamixel_sdk/share/dynamixel_sdk/environment/pythonpath.sh
[7.421s] -- Symlinking: /home/amr/turtlebot3_ws/src/install/dynamixel_sdk/share/dynamixel_sdk/environment/pythonpath.dsv
[7.503s] -- Symlinking: /home/amr/turtlebot3_ws/src/install/dynamixel_sdk/local/lib/python3.10/dist-packages/dynamixel_sdk-3.8.4-py3.10.egg-info/PKG-INFO
[7.550s] -- Symlinking: /home/amr/turtlebot3_ws/src/install/dynamixel_sdk/local/lib/python3.10/dist-packages/dynamixel_sdk-3.8.4-py3.10.egg-info/SOURCES.txt
[7.576s] -- Symlinking: /home/amr/turtlebot3_ws/src/install/dynamixel_sdk/local/lib/python3.10/dist-packages/dynamixel_sdk-3.8.4-py3.10.egg-info/dependency_links.txt
[7.635s] -- Symlinking: /home/amr/turtlebot3_ws/src/install/dynamixel_sdk/local/lib/python3.10/dist-packages/dynamixel_sdk-3.8.4-py3.10.egg-info/top_level.txt
[7.673s] -- Symlinking: /home/amr/turtlebot3_ws/src/install/dynamixel_sdk/local/lib/python3.10/dist-packages/dynamixel_sdk/__init__.py
[7.714s] -- Symlinking: /home/amr/turtlebot3_ws/src/install/dynamixel_sdk/local/lib/python3.10/dist-packages/dynamixel_sdk/group_bulk_read.cpp
[7.788s] -- Symlinking: /home/amr/turtlebot3_ws/src/install/dynamixel_sdk/local/lib/python3.10/dist-packages/dynamixel_sdk/group_bulk_read.py
[7.848s] -- Symlinking: /home/amr/turtlebot3_ws/src/install/dynamixel_sdk/local/lib/python3.10/dist-packages/dynamixel_sdk/group_bulk_write.cpp
[7.886s] -- Symlinking: /home/amr/turtlebot3_ws/src/install/dynamixel_sdk/local/lib/python3.10/dist-packages/dynamixel_sdk/group_bulk_write.py
[7.922s] -- Symlinking: /home/amr/turtlebot3_ws/src/install/dynamixel_sdk/local/lib/python3.10/dist-packages/dynamixel_sdk/group_fast_bulk_read.cpp
[7.954s] -- Symlinking: /home/amr/turtlebot3_ws/src/install/dynamixel_sdk/local/lib/python3.10/dist-packages/dynamixel_sdk/group_fast_sync_read.cpp
[7.991s] -- Symlinking: /home/amr/turtlebot3_ws/src/install/dynamixel_sdk/local/lib/python3.10/dist-packages/dynamixel_sdk/group_handler.cpp
[8.024s] -- Symlinking: /home/amr/turtlebot3_ws/src/install/dynamixel_sdk/local/lib/python3.10/dist-packages/dynamixel_sdk/group_sync_read.cpp
[8.064s] -- Symlinking: /home/amr/turtlebot3_ws/src/install/dynamixel_sdk/local/lib/python3.10/dist-packages/dynamixel_sdk/group_sync_read.py
[8.115s] -- Symlinking: /home/amr/turtlebot3_ws/src/install/dynamixel_sdk/local/lib/python3.10/dist-packages/dynamixel_sdk/group_sync_write.cpp
[8.163s] -- Symlinking: /home/amr/turtlebot3_ws/src/install/dynamixel_sdk/local/lib/python3.10/dist-packages/dynamixel_sdk/group_sync_write.py
[8.224s] -- Symlinking: /home/amr/turtlebot3_ws/src/install/dynamixel_sdk/local/lib/python3.10/dist-packages/dynamixel_sdk/packet_handler.cpp
[8.265s] -- Symlinking: /home/amr/turtlebot3_ws/src/install/dynamixel_sdk/local/lib/python3.10/dist-packages/dynamixel_sdk/packet_handler.py
[8.309s] -- Symlinking: /home/amr/turtlebot3_ws/src/install/dynamixel_sdk/local/lib/python3.10/dist-packages/dynamixel_sdk/port_handler.cpp
[8.353s] -- Symlinking: /home/amr/turtlebot3_ws/src/install/dynamixel_sdk/local/lib/python3.10/dist-packages/dynamixel_sdk/port_handler.py
[8.388s] -- Symlinking: /home/amr/turtlebot3_ws/src/install/dynamixel_sdk/local/lib/python3.10/dist-packages/dynamixel_sdk/port_handler_arduino.cpp
[8.449s] -- Symlinking: /home/amr/turtlebot3_ws/src/install/dynamixel_sdk/local/lib/python3.10/dist-packages/dynamixel_sdk/port_handler_linux.cpp
[8.515s] -- Symlinking: /home/amr/turtlebot3_ws/src/install/dynamixel_sdk/local/lib/python3.10/dist-packages/dynamixel_sdk/port_handler_mac.cpp
[8.581s] -- Symlinking: /home/amr/turtlebot3_ws/src/install/dynamixel_sdk/local/lib/python3.10/dist-packages/dynamixel_sdk/port_handler_windows.cpp
[8.602s] -- Symlinking: /home/amr/turtlebot3_ws/src/install/dynamixel_sdk/local/lib/python3.10/dist-packages/dynamixel_sdk/protocol1_packet_handler.cpp
[8.648s] -- Symlinking: /home/amr/turtlebot3_ws/src/install/dynamixel_sdk/local/lib/python3.10/dist-packages/dynamixel_sdk/protocol1_packet_handler.py
[8.687s] -- Symlinking: /home/amr/turtlebot3_ws/src/install/dynamixel_sdk/local/lib/python3.10/dist-packages/dynamixel_sdk/protocol2_packet_handler.cpp
[8.720s] -- Symlinking: /home/amr/turtlebot3_ws/src/install/dynamixel_sdk/local/lib/python3.10/dist-packages/dynamixel_sdk/protocol2_packet_handler.py
[8.759s] -- Symlinking: /home/amr/turtlebot3_ws/src/install/dynamixel_sdk/local/lib/python3.10/dist-packages/dynamixel_sdk/robotis_def.py
[8.800s] -- Symlinking: /home/amr/turtlebot3_ws/src/install/dynamixel_sdk/share/dynamixel_sdk/environment/library_path.sh
[8.840s] -- Symlinking: /home/amr/turtlebot3_ws/src/install/dynamixel_sdk/share/dynamixel_sdk/environment/library_path.dsv
[8.892s] -- Symlinking: /home/amr/turtlebot3_ws/src/install/dynamixel_sdk/share/ament_index/resource_index/package_run_dependencies/dynamixel_sdk
[8.952s] -- Symlinking: /home/amr/turtlebot3_ws/src/install/dynamixel_sdk/share/ament_index/resource_index/parent_prefix_path/dynamixel_sdk
[8.994s] -- Symlinking: /home/amr/turtlebot3_ws/src/install/dynamixel_sdk/share/dynamixel_sdk/environment/ament_prefix_path.sh
[9.029s] -- Symlinking: /home/amr/turtlebot3_ws/src/install/dynamixel_sdk/share/dynamixel_sdk/environment/ament_prefix_path.dsv
[9.093s] -- Symlinking: /home/amr/turtlebot3_ws/src/install/dynamixel_sdk/share/dynamixel_sdk/environment/path.sh
[9.163s] -- Symlinking: /home/amr/turtlebot3_ws/src/install/dynamixel_sdk/share/dynamixel_sdk/environment/path.dsv
[9.260s] -- Symlinking: /home/amr/turtlebot3_ws/src/install/dynamixel_sdk/share/dynamixel_sdk/local_setup.bash
[9.360s] -- Symlinking: /home/amr/turtlebot3_ws/src/install/dynamixel_sdk/share/dynamixel_sdk/local_setup.sh
[9.449s] -- Symlinking: /home/amr/turtlebot3_ws/src/install/dynamixel_sdk/share/dynamixel_sdk/local_setup.zsh
[9.497s] -- Symlinking: /home/amr/turtlebot3_ws/src/install/dynamixel_sdk/share/dynamixel_sdk/local_setup.dsv
[9.543s] -- Symlinking: /home/amr/turtlebot3_ws/src/install/dynamixel_sdk/share/dynamixel_sdk/package.dsv
[9.606s] -- Symlinking: /home/amr/turtlebot3_ws/src/install/dynamixel_sdk/share/ament_index/resource_index/packages/dynamixel_sdk
[9.671s] -- Symlinking: /home/amr/turtlebot3_ws/src/install/dynamixel_sdk/share/dynamixel_sdk/cmake/ament_cmake_export_targets-extras.cmake
[9.748s] -- Symlinking: /home/amr/turtlebot3_ws/src/install/dynamixel_sdk/share/dynamixel_sdk/cmake/ament_cmake_export_include_directories-extras.cmake
[9.825s] -- Symlinking: /home/amr/turtlebot3_ws/src/install/dynamixel_sdk/share/dynamixel_sdk/cmake/ament_cmake_export_libraries-extras.cmake
[9.907s] -- Symlinking: /home/amr/turtlebot3_ws/src/install/dynamixel_sdk/share/dynamixel_sdk/cmake/dynamixel_sdkConfig.cmake
[9.983s] -- Symlinking: /home/amr/turtlebot3_ws/src/install/dynamixel_sdk/share/dynamixel_sdk/cmake/dynamixel_sdkConfig-version.cmake
[10.060s] -- Symlinking: /home/amr/turtlebot3_ws/src/install/dynamixel_sdk/share/dynamixel_sdk/package.xml
[10.137s] -- Installing: /home/amr/turtlebot3_ws/src/install/dynamixel_sdk/lib/libdynamixel_sdk.so
[10.627s] Listing '/home/amr/turtlebot3_ws/src/install/dynamixel_sdk/local/lib/python3.10/dist-packages/dynamixel_sdk'...
[10.627s] Compiling '/home/amr/turtlebot3_ws/src/install/dynamixel_sdk/local/lib/python3.10/dist-packages/dynamixel_sdk/__init__.py'...
[10.627s] Compiling '/home/amr/turtlebot3_ws/src/install/dynamixel_sdk/local/lib/python3.10/dist-packages/dynamixel_sdk/group_bulk_read.py'...
[10.627s] Compiling '/home/amr/turtlebot3_ws/src/install/dynamixel_sdk/local/lib/python3.10/dist-packages/dynamixel_sdk/group_bulk_write.py'...
[10.627s] Compiling '/home/amr/turtlebot3_ws/src/install/dynamixel_sdk/local/lib/python3.10/dist-packages/dynamixel_sdk/group_sync_read.py'...
[10.627s] Compiling '/home/amr/turtlebot3_ws/src/install/dynamixel_sdk/local/lib/python3.10/dist-packages/dynamixel_sdk/group_sync_write.py'...
[10.627s] Compiling '/home/amr/turtlebot3_ws/src/install/dynamixel_sdk/local/lib/python3.10/dist-packages/dynamixel_sdk/packet_handler.py'...
[10.632s] Compiling '/home/amr/turtlebot3_ws/src/install/dynamixel_sdk/local/lib/python3.10/dist-packages/dynamixel_sdk/port_handler.py'...
[10.632s] Compiling '/home/amr/turtlebot3_ws/src/install/dynamixel_sdk/local/lib/python3.10/dist-packages/dynamixel_sdk/protocol1_packet_handler.py'...
[10.632s] Compiling '/home/amr/turtlebot3_ws/src/install/dynamixel_sdk/local/lib/python3.10/dist-packages/dynamixel_sdk/protocol2_packet_handler.py'...
[10.632s] Compiling '/home/amr/turtlebot3_ws/src/install/dynamixel_sdk/local/lib/python3.10/dist-packages/dynamixel_sdk/robotis_def.py'...
[10.686s] -- Installing: /home/amr/turtlebot3_ws/src/install/dynamixel_sdk/share/dynamixel_sdk/cmake/dynamixel_sdkExport.cmake
[10.686s] -- Installing: /home/amr/turtlebot3_ws/src/install/dynamixel_sdk/share/dynamixel_sdk/cmake/dynamixel_sdkExport-noconfig.cmake
[10.697s] Invoked command in '/home/amr/turtlebot3_ws/src/build/dynamixel_sdk' returned '0': CMAKE_PREFIX_PATH=${CMAKE_PREFIX_PATH}:/home/amr/turtlebot3_ws/install/turtlebot3_teleop:/home/amr/turtlebot3_ws/install/turtlebot3_example:/home/amr/turtlebot3_ws/install/main:/home/amr/install/turtlebot3_teleop:/home/amr/install/turtlebot3_navigation2:/home/amr/install/turtlebot3_example:/home/amr/install/turtlebot3_description:/home/amr/install/main:/opt/ros/humble /usr/bin/cmake --install /home/amr/turtlebot3_ws/src/build/dynamixel_sdk
