[5.419s] Invoking command in '/home/amr/turtlebot3_ws/src/build/main': PYTHONPATH=/home/amr/turtlebot3_ws/src/build/main/prefix_override:/usr/lib/python3/dist-packages/colcon_core/task/python/colcon_distutils_commands:/home/amr/turtlebot3_ws/src/install/main/lib/python3.10/site-packages:${PYTHONPATH} /usr/bin/python3 -W ignore:setup.py install is deprecated -W ignore:easy_install command is deprecated setup.py develop --editable --build-directory /home/amr/turtlebot3_ws/src/build/main/build --no-deps symlink_data
[7.471s] /usr/lib/python3/dist-packages/setuptools/dist.py:723: UserWarning: Usage of dash-separated 'script-dir' will not be supported in future versions. Please use the underscore name 'script_dir' instead
[7.472s]   warnings.warn(
[7.622s] running develop
[9.377s] running egg_info
[9.378s] creating main.egg-info
[9.379s] writing main.egg-info/PKG-INFO
[9.381s] writing dependency_links to main.egg-info/dependency_links.txt
[9.385s] writing entry points to main.egg-info/entry_points.txt
[9.385s] writing requirements to main.egg-info/requires.txt
[9.385s] writing top-level names to main.egg-info/top_level.txt
[9.389s] writing manifest file 'main.egg-info/SOURCES.txt'
[9.395s] reading manifest file 'main.egg-info/SOURCES.txt'
[9.395s] writing manifest file 'main.egg-info/SOURCES.txt'
[9.408s] running build_ext
[9.422s] Creating /home/amr/turtlebot3_ws/src/install/main/lib/python3.10/site-packages/main.egg-link (link to .)
[9.424s] Installing ROS2Publisher script to /home/amr/turtlebot3_ws/src/install/main/lib/main
[9.430s] Installing encoder_joint_state_publisher script to /home/amr/turtlebot3_ws/src/install/main/lib/main
[9.430s] Installing fake_robot script to /home/amr/turtlebot3_ws/src/install/main/lib/main
[9.430s] Installing main script to /home/amr/turtlebot3_ws/src/install/main/lib/main
[9.445s] Installing odom_tf_broadcaster script to /home/amr/turtlebot3_ws/src/install/main/lib/main
[9.445s] 
[9.445s] Installed /home/amr/turtlebot3_ws/src/build/main
[9.446s] running symlink_data
[9.446s] creating /home/amr/turtlebot3_ws/src/install/main/share/ament_index
[9.446s] creating /home/amr/turtlebot3_ws/src/install/main/share/ament_index/resource_index
[9.446s] creating /home/amr/turtlebot3_ws/src/install/main/share/ament_index/resource_index/packages
[9.446s] symbolically linking /home/amr/turtlebot3_ws/src/build/main/resource/main -> /home/amr/turtlebot3_ws/src/install/main/share/ament_index/resource_index/packages
[9.446s] symbolically linking /home/amr/turtlebot3_ws/src/build/main/package.xml -> /home/amr/turtlebot3_ws/src/install/main/share/main
[9.801s] Invoked command in '/home/amr/turtlebot3_ws/src/build/main' returned '0': PYTHONPATH=/home/amr/turtlebot3_ws/src/build/main/prefix_override:/usr/lib/python3/dist-packages/colcon_core/task/python/colcon_distutils_commands:/home/amr/turtlebot3_ws/src/install/main/lib/python3.10/site-packages:${PYTHONPATH} /usr/bin/python3 -W ignore:setup.py install is deprecated -W ignore:easy_install command is deprecated setup.py develop --editable --build-directory /home/amr/turtlebot3_ws/src/build/main/build --no-deps symlink_data
