[0.984s] Invoking command in '/home/amr/turtlebot3_ws/src/main/build/main': PYTHONPATH=/home/amr/turtlebot3_ws/src/main/build/main/prefix_override:/usr/lib/python3/dist-packages/colcon_core/task/python/colcon_distutils_commands:/home/amr/turtlebot3_ws/src/main/install/main/lib/python3.10/site-packages:${PYTHONPATH} /usr/bin/python3 -W ignore:setup.py install is deprecated -W ignore:easy_install command is deprecated setup.py develop --editable --build-directory /home/amr/turtlebot3_ws/src/main/build/main/build --no-deps symlink_data
[1.360s] /usr/lib/python3/dist-packages/setuptools/dist.py:723: UserWarning: Usage of dash-separated 'script-dir' will not be supported in future versions. Please use the underscore name 'script_dir' instead
[1.360s]   warnings.warn(
[1.400s] running develop
[1.669s] running egg_info
[1.669s] writing main.egg-info/PKG-INFO
[1.670s] writing dependency_links to main.egg-info/dependency_links.txt
[1.670s] writing entry points to main.egg-info/entry_points.txt
[1.671s] writing requirements to main.egg-info/requires.txt
[1.671s] writing top-level names to main.egg-info/top_level.txt
[1.672s] reading manifest file 'main.egg-info/SOURCES.txt'
[1.673s] writing manifest file 'main.egg-info/SOURCES.txt'
[1.675s] running build_ext
[1.676s] Creating /home/amr/turtlebot3_ws/src/main/install/main/lib/python3.10/site-packages/main.egg-link (link to .)
[1.678s] Installing ROS2Publisher script to /home/amr/turtlebot3_ws/src/main/install/main/lib/main
[1.679s] Installing encoder_joint_state_publisher script to /home/amr/turtlebot3_ws/src/main/install/main/lib/main
[1.679s] Installing fake_robot script to /home/amr/turtlebot3_ws/src/main/install/main/lib/main
[1.679s] Installing main script to /home/amr/turtlebot3_ws/src/main/install/main/lib/main
[1.679s] Installing odom_tf_broadcaster script to /home/amr/turtlebot3_ws/src/main/install/main/lib/main
[1.679s] 
[1.680s] Installed /home/amr/turtlebot3_ws/src/main/build/main
[1.680s] running symlink_data
[1.723s] Invoked command in '/home/amr/turtlebot3_ws/src/main/build/main' returned '0': PYTHONPATH=/home/amr/turtlebot3_ws/src/main/build/main/prefix_override:/usr/lib/python3/dist-packages/colcon_core/task/python/colcon_distutils_commands:/home/amr/turtlebot3_ws/src/main/install/main/lib/python3.10/site-packages:${PYTHONPATH} /usr/bin/python3 -W ignore:setup.py install is deprecated -W ignore:easy_install command is deprecated setup.py develop --editable --build-directory /home/amr/turtlebot3_ws/src/main/build/main/build --no-deps symlink_data
