[5.010s] Invoking command in '/home/amr/turtlebot3_ws/build/main': PYTHONPATH=/home/amr/turtlebot3_ws/build/main/prefix_override:/usr/lib/python3/dist-packages/colcon_core/task/python/colcon_distutils_commands:/home/amr/turtlebot3_ws/install/main/lib/python3.10/site-packages:${PYTHONPATH} /usr/bin/python3 -W ignore:setup.py install is deprecated -W ignore:easy_install command is deprecated setup.py develop --editable --build-directory /home/amr/turtlebot3_ws/build/main/build --no-deps symlink_data
[6.715s] /usr/lib/python3/dist-packages/setuptools/dist.py:723: UserWarning: Usage of dash-separated 'script-dir' will not be supported in future versions. Please use the underscore name 'script_dir' instead
[6.715s]   warnings.warn(
[6.917s] running develop
[8.988s] running egg_info
[8.988s] creating main.egg-info
[8.998s] writing main.egg-info/PKG-INFO
[8.999s] writing dependency_links to main.egg-info/dependency_links.txt
[8.999s] writing entry points to main.egg-info/entry_points.txt
[9.000s] writing requirements to main.egg-info/requires.txt
[9.000s] writing top-level names to main.egg-info/top_level.txt
[9.000s] writing manifest file 'main.egg-info/SOURCES.txt'
[9.013s] reading manifest file 'main.egg-info/SOURCES.txt'
[9.024s] writing manifest file 'main.egg-info/SOURCES.txt'
[9.034s] running build_ext
[9.037s] Creating /home/amr/turtlebot3_ws/install/main/lib/python3.10/site-packages/main.egg-link (link to .)
[9.047s] Installing ROS2Publisher script to /home/amr/turtlebot3_ws/install/main/lib/main
[9.048s] Installing encoder_joint_state_publisher script to /home/amr/turtlebot3_ws/install/main/lib/main
[9.050s] Installing fake_robot script to /home/amr/turtlebot3_ws/install/main/lib/main
[9.050s] Installing main script to /home/amr/turtlebot3_ws/install/main/lib/main
[9.050s] Installing odom_tf_broadcaster script to /home/amr/turtlebot3_ws/install/main/lib/main
[9.050s] 
[9.050s] Installed /home/amr/turtlebot3_ws/build/main
[9.054s] running symlink_data
[9.055s] creating /home/amr/turtlebot3_ws/install/main/share/ament_index
[9.055s] creating /home/amr/turtlebot3_ws/install/main/share/ament_index/resource_index
[9.055s] creating /home/amr/turtlebot3_ws/install/main/share/ament_index/resource_index/packages
[9.055s] symbolically linking /home/amr/turtlebot3_ws/build/main/resource/main -> /home/amr/turtlebot3_ws/install/main/share/ament_index/resource_index/packages
[9.055s] symbolically linking /home/amr/turtlebot3_ws/build/main/package.xml -> /home/amr/turtlebot3_ws/install/main/share/main
[9.291s] Invoked command in '/home/amr/turtlebot3_ws/build/main' returned '0': PYTHONPATH=/home/amr/turtlebot3_ws/build/main/prefix_override:/usr/lib/python3/dist-packages/colcon_core/task/python/colcon_distutils_commands:/home/amr/turtlebot3_ws/install/main/lib/python3.10/site-packages:${PYTHONPATH} /usr/bin/python3 -W ignore:setup.py install is deprecated -W ignore:easy_install command is deprecated setup.py develop --editable --build-directory /home/amr/turtlebot3_ws/build/main/build --no-deps symlink_data
