[8.383s] Invoking command in '/home/amr/turtlebot3_ws/src/build/turtlebot3_teleop': PYTHONPATH=/home/amr/turtlebot3_ws/src/build/turtlebot3_teleop/prefix_override:/usr/lib/python3/dist-packages/colcon_core/task/python/colcon_distutils_commands:/home/amr/turtlebot3_ws/src/install/turtlebot3_teleop/lib/python3.10/site-packages:${PYTHONPATH} /usr/bin/python3 -W ignore:setup.py install is deprecated -W ignore:easy_install command is deprecated setup.py develop --editable --build-directory /home/amr/turtlebot3_ws/src/build/turtlebot3_teleop/build --no-deps symlink_data
[10.603s] running develop
[12.091s] running egg_info
[12.092s] creating turtlebot3_teleop.egg-info
[12.097s] writing turtlebot3_teleop.egg-info/PKG-INFO
[12.097s] writing dependency_links to turtlebot3_teleop.egg-info/dependency_links.txt
[12.097s] writing entry points to turtlebot3_teleop.egg-info/entry_points.txt
[12.102s] writing requirements to turtlebot3_teleop.egg-info/requires.txt
[12.103s] writing top-level names to turtlebot3_teleop.egg-info/top_level.txt
[12.103s] writing manifest file 'turtlebot3_teleop.egg-info/SOURCES.txt'
[12.107s] reading manifest file 'turtlebot3_teleop.egg-info/SOURCES.txt'
[12.109s] writing manifest file 'turtlebot3_teleop.egg-info/SOURCES.txt'
[12.121s] running build_ext
[12.121s] Creating /home/amr/turtlebot3_ws/src/install/turtlebot3_teleop/lib/python3.10/site-packages/turtlebot3-teleop.egg-link (link to .)
[12.121s] Installing teleop_keyboard script to /home/amr/turtlebot3_ws/src/install/turtlebot3_teleop/lib/turtlebot3_teleop
[12.122s] 
[12.122s] Installed /home/amr/turtlebot3_ws/src/build/turtlebot3_teleop
[12.122s] running symlink_data
[12.122s] creating /home/amr/turtlebot3_ws/src/install/turtlebot3_teleop/share/ament_index
[12.122s] creating /home/amr/turtlebot3_ws/src/install/turtlebot3_teleop/share/ament_index/resource_index
[12.123s] creating /home/amr/turtlebot3_ws/src/install/turtlebot3_teleop/share/ament_index/resource_index/packages
[12.123s] symbolically linking /home/amr/turtlebot3_ws/src/build/turtlebot3_teleop/resource/turtlebot3_teleop -> /home/amr/turtlebot3_ws/src/install/turtlebot3_teleop/share/ament_index/resource_index/packages
[12.123s] symbolically linking /home/amr/turtlebot3_ws/src/build/turtlebot3_teleop/package.xml -> /home/amr/turtlebot3_ws/src/install/turtlebot3_teleop/share/turtlebot3_teleop
[12.352s] Invoked command in '/home/amr/turtlebot3_ws/src/build/turtlebot3_teleop' returned '0': PYTHONPATH=/home/amr/turtlebot3_ws/src/build/turtlebot3_teleop/prefix_override:/usr/lib/python3/dist-packages/colcon_core/task/python/colcon_distutils_commands:/home/amr/turtlebot3_ws/src/install/turtlebot3_teleop/lib/python3.10/site-packages:${PYTHONPATH} /usr/bin/python3 -W ignore:setup.py install is deprecated -W ignore:easy_install command is deprecated setup.py develop --editable --build-directory /home/amr/turtlebot3_ws/src/build/turtlebot3_teleop/build --no-deps symlink_data
