[2.788s] Invoking command in '/home/amr/turtlebot3_ws/build/main': PYTHONPATH=/home/amr/turtlebot3_ws/build/main/prefix_override:/usr/lib/python3/dist-packages/colcon_core/task/python/colcon_distutils_commands:/home/amr/turtlebot3_ws/install/main/lib/python3.10/site-packages:${PYTHONPATH} /usr/bin/python3 -W ignore:setup.py install is deprecated -W ignore:easy_install command is deprecated setup.py develop --editable --build-directory /home/amr/turtlebot3_ws/build/main/build --no-deps symlink_data
[3.349s] /usr/lib/python3/dist-packages/setuptools/dist.py:723: UserWarning: Usage of dash-separated 'script-dir' will not be supported in future versions. Please use the underscore name 'script_dir' instead
[3.349s]   warnings.warn(
[3.410s] running develop
[3.908s] running egg_info
[3.910s] writing main.egg-info/PKG-INFO
[3.910s] writing dependency_links to main.egg-info/dependency_links.txt
[3.910s] writing entry points to main.egg-info/entry_points.txt
[3.911s] writing requirements to main.egg-info/requires.txt
[3.911s] writing top-level names to main.egg-info/top_level.txt
[3.912s] reading manifest file 'main.egg-info/SOURCES.txt'
[3.914s] writing manifest file 'main.egg-info/SOURCES.txt'
[3.917s] running build_ext
[3.918s] Creating /home/amr/turtlebot3_ws/install/main/lib/python3.10/site-packages/main.egg-link (link to .)
[3.920s] Installing ROS2Publisher script to /home/amr/turtlebot3_ws/install/main/lib/main
[3.922s] Installing encoder_joint_state_publisher script to /home/amr/turtlebot3_ws/install/main/lib/main
[3.922s] Installing fake_robot script to /home/amr/turtlebot3_ws/install/main/lib/main
[3.922s] Installing main script to /home/amr/turtlebot3_ws/install/main/lib/main
[3.922s] Installing odom_tf_broadcaster script to /home/amr/turtlebot3_ws/install/main/lib/main
[3.924s] 
[3.924s] Installed /home/amr/turtlebot3_ws/build/main
[3.924s] running symlink_data
[4.014s] Invoked command in '/home/amr/turtlebot3_ws/build/main' returned '0': PYTHONPATH=/home/amr/turtlebot3_ws/build/main/prefix_override:/usr/lib/python3/dist-packages/colcon_core/task/python/colcon_distutils_commands:/home/amr/turtlebot3_ws/install/main/lib/python3.10/site-packages:${PYTHONPATH} /usr/bin/python3 -W ignore:setup.py install is deprecated -W ignore:easy_install command is deprecated setup.py develop --editable --build-directory /home/amr/turtlebot3_ws/build/main/build --no-deps symlink_data
