[0.059s] Invoking command in '/home/amr/turtlebot3_ws/src/build/turtlebot3_navigation2': CMAKE_PREFIX_PATH=${CMAKE_PREFIX_PATH}:/home/amr/turtlebot3_ws/install/turtlebot3_teleop:/home/amr/turtlebot3_ws/install/turtlebot3_example:/home/amr/turtlebot3_ws/install/main:/home/amr/install/turtlebot3_teleop:/home/amr/install/turtlebot3_navigation2:/home/amr/install/turtlebot3_example:/home/amr/install/turtlebot3_description:/home/amr/install/main:/opt/ros/humble /usr/bin/cmake /home/amr/turtlebot3_ws/src/turtlebot3/turtlebot3_navigation2 -DAMENT_CMAKE_SYMLINK_INSTALL=1 -DCMAKE_INSTALL_PREFIX=/home/amr/turtlebot3_ws/src/install/turtlebot3_navigation2
[0.299s] -- The C compiler identification is GNU 11.4.0
[0.557s] -- The CXX compiler identification is GNU 11.4.0
[0.593s] -- Detecting C compiler ABI info
[0.917s] -- Detecting C compiler ABI info - done
[0.963s] -- Check for working C compiler: /usr/bin/cc - skipped
[0.970s] -- Detecting C compile features
[0.972s] -- Detecting C compile features - done
[0.978s] -- Detecting CXX compiler ABI info
[1.438s] -- Detecting CXX compiler ABI info - done
[1.512s] -- Check for working CXX compiler: /usr/bin/c++ - skipped
[1.514s] -- Detecting CXX compile features
[1.524s] -- Detecting CXX compile features - done
[1.576s] -- Found ament_cmake: 1.3.12 (/opt/ros/humble/share/ament_cmake/cmake)
[3.248s] -- Found Python3: /usr/bin/python3 (found version "3.10.12") found components: Interpreter 
[3.941s] -- Override CMake install command with custom implementation using symlinks instead of copying resources
[5.220s] -- Configuring done
[5.250s] -- Generating done
[5.271s] -- Build files have been written to: /home/amr/turtlebot3_ws/src/build/turtlebot3_navigation2
[6.579s] Invoked command in '/home/amr/turtlebot3_ws/src/build/turtlebot3_navigation2' returned '0': CMAKE_PREFIX_PATH=${CMAKE_PREFIX_PATH}:/home/amr/turtlebot3_ws/install/turtlebot3_teleop:/home/amr/turtlebot3_ws/install/turtlebot3_example:/home/amr/turtlebot3_ws/install/main:/home/amr/install/turtlebot3_teleop:/home/amr/install/turtlebot3_navigation2:/home/amr/install/turtlebot3_example:/home/amr/install/turtlebot3_description:/home/amr/install/main:/opt/ros/humble /usr/bin/cmake /home/amr/turtlebot3_ws/src/turtlebot3/turtlebot3_navigation2 -DAMENT_CMAKE_SYMLINK_INSTALL=1 -DCMAKE_INSTALL_PREFIX=/home/amr/turtlebot3_ws/src/install/turtlebot3_navigation2
[6.593s] Invoking command in '/home/amr/turtlebot3_ws/src/build/turtlebot3_navigation2': CMAKE_PREFIX_PATH=${CMAKE_PREFIX_PATH}:/home/amr/turtlebot3_ws/install/turtlebot3_teleop:/home/amr/turtlebot3_ws/install/turtlebot3_example:/home/amr/turtlebot3_ws/install/main:/home/amr/install/turtlebot3_teleop:/home/amr/install/turtlebot3_navigation2:/home/amr/install/turtlebot3_example:/home/amr/install/turtlebot3_description:/home/amr/install/main:/opt/ros/humble /usr/bin/cmake --build /home/amr/turtlebot3_ws/src/build/turtlebot3_navigation2 -- -j4 -l4
[6.946s] Invoked command in '/home/amr/turtlebot3_ws/src/build/turtlebot3_navigation2' returned '0': CMAKE_PREFIX_PATH=${CMAKE_PREFIX_PATH}:/home/amr/turtlebot3_ws/install/turtlebot3_teleop:/home/amr/turtlebot3_ws/install/turtlebot3_example:/home/amr/turtlebot3_ws/install/main:/home/amr/install/turtlebot3_teleop:/home/amr/install/turtlebot3_navigation2:/home/amr/install/turtlebot3_example:/home/amr/install/turtlebot3_description:/home/amr/install/main:/opt/ros/humble /usr/bin/cmake --build /home/amr/turtlebot3_ws/src/build/turtlebot3_navigation2 -- -j4 -l4
[6.950s] Invoking command in '/home/amr/turtlebot3_ws/src/build/turtlebot3_navigation2': CMAKE_PREFIX_PATH=${CMAKE_PREFIX_PATH}:/home/amr/turtlebot3_ws/install/turtlebot3_teleop:/home/amr/turtlebot3_ws/install/turtlebot3_example:/home/amr/turtlebot3_ws/install/main:/home/amr/install/turtlebot3_teleop:/home/amr/install/turtlebot3_navigation2:/home/amr/install/turtlebot3_example:/home/amr/install/turtlebot3_description:/home/amr/install/main:/opt/ros/humble /usr/bin/cmake --install /home/amr/turtlebot3_ws/src/build/turtlebot3_navigation2
[7.010s] -- Install configuration: ""
[7.010s] -- Execute custom install script
[7.020s] -- Symlinking: /home/amr/turtlebot3_ws/src/install/turtlebot3_navigation2/share/turtlebot3_navigation2/launch/navigation2.launch.py
[7.095s] -- Symlinking: /home/amr/turtlebot3_ws/src/install/turtlebot3_navigation2/share/turtlebot3_navigation2/map/map.pgm
[7.149s] -- Symlinking: /home/amr/turtlebot3_ws/src/install/turtlebot3_navigation2/share/turtlebot3_navigation2/map/map.yaml
[7.199s] -- Symlinking: /home/amr/turtlebot3_ws/src/install/turtlebot3_navigation2/share/turtlebot3_navigation2/param/burger.yaml
[7.250s] -- Symlinking: /home/amr/turtlebot3_ws/src/install/turtlebot3_navigation2/share/turtlebot3_navigation2/param/burger_cam.yaml
[7.313s] -- Symlinking: /home/amr/turtlebot3_ws/src/install/turtlebot3_navigation2/share/turtlebot3_navigation2/param/humble/burger.yaml
[7.391s] -- Symlinking: /home/amr/turtlebot3_ws/src/install/turtlebot3_navigation2/share/turtlebot3_navigation2/param/humble/burger_cam.yaml
[7.476s] -- Symlinking: /home/amr/turtlebot3_ws/src/install/turtlebot3_navigation2/share/turtlebot3_navigation2/param/humble/waffle.yaml
[7.566s] -- Symlinking: /home/amr/turtlebot3_ws/src/install/turtlebot3_navigation2/share/turtlebot3_navigation2/param/humble/waffle_pi.yaml
[7.616s] -- Symlinking: /home/amr/turtlebot3_ws/src/install/turtlebot3_navigation2/share/turtlebot3_navigation2/param/waffle.yaml
[7.658s] -- Symlinking: /home/amr/turtlebot3_ws/src/install/turtlebot3_navigation2/share/turtlebot3_navigation2/param/waffle_pi.yaml
[7.710s] -- Symlinking: /home/amr/turtlebot3_ws/src/install/turtlebot3_navigation2/share/turtlebot3_navigation2/rviz/tb3_navigation2.rviz
[7.768s] -- Symlinking: /home/amr/turtlebot3_ws/src/install/turtlebot3_navigation2/share/ament_index/resource_index/package_run_dependencies/turtlebot3_navigation2
[7.821s] -- Symlinking: /home/amr/turtlebot3_ws/src/install/turtlebot3_navigation2/share/ament_index/resource_index/parent_prefix_path/turtlebot3_navigation2
[7.877s] -- Symlinking: /home/amr/turtlebot3_ws/src/install/turtlebot3_navigation2/share/turtlebot3_navigation2/environment/ament_prefix_path.sh
[7.937s] -- Symlinking: /home/amr/turtlebot3_ws/src/install/turtlebot3_navigation2/share/turtlebot3_navigation2/environment/ament_prefix_path.dsv
[8.028s] -- Symlinking: /home/amr/turtlebot3_ws/src/install/turtlebot3_navigation2/share/turtlebot3_navigation2/environment/path.sh
[8.092s] -- Symlinking: /home/amr/turtlebot3_ws/src/install/turtlebot3_navigation2/share/turtlebot3_navigation2/environment/path.dsv
[8.139s] -- Symlinking: /home/amr/turtlebot3_ws/src/install/turtlebot3_navigation2/share/turtlebot3_navigation2/local_setup.bash
[8.198s] -- Symlinking: /home/amr/turtlebot3_ws/src/install/turtlebot3_navigation2/share/turtlebot3_navigation2/local_setup.sh
[8.251s] -- Symlinking: /home/amr/turtlebot3_ws/src/install/turtlebot3_navigation2/share/turtlebot3_navigation2/local_setup.zsh
[8.305s] -- Symlinking: /home/amr/turtlebot3_ws/src/install/turtlebot3_navigation2/share/turtlebot3_navigation2/local_setup.dsv
[8.375s] -- Symlinking: /home/amr/turtlebot3_ws/src/install/turtlebot3_navigation2/share/turtlebot3_navigation2/package.dsv
[8.446s] -- Symlinking: /home/amr/turtlebot3_ws/src/install/turtlebot3_navigation2/share/ament_index/resource_index/packages/turtlebot3_navigation2
[8.521s] -- Symlinking: /home/amr/turtlebot3_ws/src/install/turtlebot3_navigation2/share/turtlebot3_navigation2/cmake/turtlebot3_navigation2Config.cmake
[8.588s] -- Symlinking: /home/amr/turtlebot3_ws/src/install/turtlebot3_navigation2/share/turtlebot3_navigation2/cmake/turtlebot3_navigation2Config-version.cmake
[8.649s] -- Symlinking: /home/amr/turtlebot3_ws/src/install/turtlebot3_navigation2/share/turtlebot3_navigation2/package.xml
[8.755s] Invoked command in '/home/amr/turtlebot3_ws/src/build/turtlebot3_navigation2' returned '0': CMAKE_PREFIX_PATH=${CMAKE_PREFIX_PATH}:/home/amr/turtlebot3_ws/install/turtlebot3_teleop:/home/amr/turtlebot3_ws/install/turtlebot3_example:/home/amr/turtlebot3_ws/install/main:/home/amr/install/turtlebot3_teleop:/home/amr/install/turtlebot3_navigation2:/home/amr/install/turtlebot3_example:/home/amr/install/turtlebot3_description:/home/amr/install/main:/opt/ros/humble /usr/bin/cmake --install /home/amr/turtlebot3_ws/src/build/turtlebot3_navigation2
