[0.047s] Invoking command in '/home/amr/turtlebot3_ws/build/dynamixel_sdk': CMAKE_PREFIX_PATH=${CMAKE_PREFIX_PATH}:/home/amr/turtlebot3_ws/install/turtlebot3_teleop:/home/amr/turtlebot3_ws/install/turtlebot3_example:/home/amr/turtlebot3_ws/install/main:/home/amr/install/turtlebot3_teleop:/home/amr/install/turtlebot3_navigation2:/home/amr/install/turtlebot3_example:/home/amr/install/turtlebot3_description:/home/amr/install/main:/opt/ros/humble /usr/bin/cmake --build /home/amr/turtlebot3_ws/build/dynamixel_sdk -- -j4 -l4
[0.144s] [35m[1mConsolidate compiler generated dependencies of target dynamixel_sdk[0m
[0.210s] [100%] Built target dynamixel_sdk
[0.220s] [100%] Built target ament_cmake_python_symlink_dynamixel_sdk
[1.148s] running egg_info
[1.152s] writing dynamixel_sdk.egg-info/PKG-INFO
[1.154s] writing dependency_links to dynamixel_sdk.egg-info/dependency_links.txt
[1.155s] writing top-level names to dynamixel_sdk.egg-info/top_level.txt
[1.183s] reading manifest file 'dynamixel_sdk.egg-info/SOURCES.txt'
[1.183s] writing manifest file 'dynamixel_sdk.egg-info/SOURCES.txt'
[1.312s] [100%] Built target ament_cmake_python_build_dynamixel_sdk_egg
[1.914s] Invoked command in '/home/amr/turtlebot3_ws/build/dynamixel_sdk' returned '0': CMAKE_PREFIX_PATH=${CMAKE_PREFIX_PATH}:/home/amr/turtlebot3_ws/install/turtlebot3_teleop:/home/amr/turtlebot3_ws/install/turtlebot3_example:/home/amr/turtlebot3_ws/install/main:/home/amr/install/turtlebot3_teleop:/home/amr/install/turtlebot3_navigation2:/home/amr/install/turtlebot3_example:/home/amr/install/turtlebot3_description:/home/amr/install/main:/opt/ros/humble /usr/bin/cmake --build /home/amr/turtlebot3_ws/build/dynamixel_sdk -- -j4 -l4
[1.916s] Invoking command in '/home/amr/turtlebot3_ws/build/dynamixel_sdk': CMAKE_PREFIX_PATH=${CMAKE_PREFIX_PATH}:/home/amr/turtlebot3_ws/install/turtlebot3_teleop:/home/amr/turtlebot3_ws/install/turtlebot3_example:/home/amr/turtlebot3_ws/install/main:/home/amr/install/turtlebot3_teleop:/home/amr/install/turtlebot3_navigation2:/home/amr/install/turtlebot3_example:/home/amr/install/turtlebot3_description:/home/amr/install/main:/opt/ros/humble /usr/bin/cmake --install /home/amr/turtlebot3_ws/build/dynamixel_sdk
[1.951s] -- Install configuration: ""
[1.954s] -- Execute custom install script
[1.954s] -- Up-to-date symlink: /home/amr/turtlebot3_ws/install/dynamixel_sdk/include//dynamixel_sdk/dynamixel_sdk.h
[1.957s] -- Up-to-date symlink: /home/amr/turtlebot3_ws/install/dynamixel_sdk/include//dynamixel_sdk/group_bulk_read.h
[1.959s] -- Up-to-date symlink: /home/amr/turtlebot3_ws/install/dynamixel_sdk/include//dynamixel_sdk/group_bulk_write.h
[1.959s] -- Up-to-date symlink: /home/amr/turtlebot3_ws/install/dynamixel_sdk/include//dynamixel_sdk/group_fast_bulk_read.h
[1.959s] -- Up-to-date symlink: /home/amr/turtlebot3_ws/install/dynamixel_sdk/include//dynamixel_sdk/group_fast_sync_read.h
[1.962s] -- Up-to-date symlink: /home/amr/turtlebot3_ws/install/dynamixel_sdk/include//dynamixel_sdk/group_handler.h
[1.962s] -- Up-to-date symlink: /home/amr/turtlebot3_ws/install/dynamixel_sdk/include//dynamixel_sdk/group_sync_read.h
[1.962s] -- Up-to-date symlink: /home/amr/turtlebot3_ws/install/dynamixel_sdk/include//dynamixel_sdk/group_sync_write.h
[1.962s] -- Up-to-date symlink: /home/amr/turtlebot3_ws/install/dynamixel_sdk/include//dynamixel_sdk/packet_handler.h
[1.963s] -- Up-to-date symlink: /home/amr/turtlebot3_ws/install/dynamixel_sdk/include//dynamixel_sdk/port_handler.h
[1.963s] -- Up-to-date symlink: /home/amr/turtlebot3_ws/install/dynamixel_sdk/include//dynamixel_sdk/port_handler_arduino.h
[1.963s] -- Up-to-date symlink: /home/amr/turtlebot3_ws/install/dynamixel_sdk/include//dynamixel_sdk/port_handler_linux.h
[1.963s] -- Up-to-date symlink: /home/amr/turtlebot3_ws/install/dynamixel_sdk/include//dynamixel_sdk/port_handler_mac.h
[1.963s] -- Up-to-date symlink: /home/amr/turtlebot3_ws/install/dynamixel_sdk/include//dynamixel_sdk/port_handler_windows.h
[1.963s] -- Up-to-date symlink: /home/amr/turtlebot3_ws/install/dynamixel_sdk/include//dynamixel_sdk/protocol1_packet_handler.h
[1.963s] -- Up-to-date symlink: /home/amr/turtlebot3_ws/install/dynamixel_sdk/include//dynamixel_sdk/protocol2_packet_handler.h
[1.964s] -- Up-to-date symlink: /home/amr/turtlebot3_ws/install/dynamixel_sdk/share/dynamixel_sdk/environment/pythonpath.sh
[1.964s] -- Up-to-date symlink: /home/amr/turtlebot3_ws/install/dynamixel_sdk/share/dynamixel_sdk/environment/pythonpath.dsv
[1.970s] -- Up-to-date symlink: /home/amr/turtlebot3_ws/install/dynamixel_sdk/local/lib/python3.10/dist-packages/dynamixel_sdk-3.8.4-py3.10.egg-info/PKG-INFO
[1.973s] -- Up-to-date symlink: /home/amr/turtlebot3_ws/install/dynamixel_sdk/local/lib/python3.10/dist-packages/dynamixel_sdk-3.8.4-py3.10.egg-info/SOURCES.txt
[1.974s] -- Up-to-date symlink: /home/amr/turtlebot3_ws/install/dynamixel_sdk/local/lib/python3.10/dist-packages/dynamixel_sdk-3.8.4-py3.10.egg-info/dependency_links.txt
[1.974s] -- Up-to-date symlink: /home/amr/turtlebot3_ws/install/dynamixel_sdk/local/lib/python3.10/dist-packages/dynamixel_sdk-3.8.4-py3.10.egg-info/top_level.txt
[1.980s] -- Up-to-date symlink: /home/amr/turtlebot3_ws/install/dynamixel_sdk/local/lib/python3.10/dist-packages/dynamixel_sdk/__init__.py
[1.980s] -- Up-to-date symlink: /home/amr/turtlebot3_ws/install/dynamixel_sdk/local/lib/python3.10/dist-packages/dynamixel_sdk/group_bulk_read.cpp
[1.980s] -- Up-to-date symlink: /home/amr/turtlebot3_ws/install/dynamixel_sdk/local/lib/python3.10/dist-packages/dynamixel_sdk/group_bulk_read.py
[1.980s] -- Up-to-date symlink: /home/amr/turtlebot3_ws/install/dynamixel_sdk/local/lib/python3.10/dist-packages/dynamixel_sdk/group_bulk_write.cpp
[1.980s] -- Up-to-date symlink: /home/amr/turtlebot3_ws/install/dynamixel_sdk/local/lib/python3.10/dist-packages/dynamixel_sdk/group_bulk_write.py
[1.980s] -- Up-to-date symlink: /home/amr/turtlebot3_ws/install/dynamixel_sdk/local/lib/python3.10/dist-packages/dynamixel_sdk/group_fast_bulk_read.cpp
[1.981s] -- Up-to-date symlink: /home/amr/turtlebot3_ws/install/dynamixel_sdk/local/lib/python3.10/dist-packages/dynamixel_sdk/group_fast_sync_read.cpp
[1.981s] -- Up-to-date symlink: /home/amr/turtlebot3_ws/install/dynamixel_sdk/local/lib/python3.10/dist-packages/dynamixel_sdk/group_handler.cpp
[1.983s] -- Up-to-date symlink: /home/amr/turtlebot3_ws/install/dynamixel_sdk/local/lib/python3.10/dist-packages/dynamixel_sdk/group_sync_read.cpp
[1.984s] -- Up-to-date symlink: /home/amr/turtlebot3_ws/install/dynamixel_sdk/local/lib/python3.10/dist-packages/dynamixel_sdk/group_sync_read.py
[1.984s] -- Up-to-date symlink: /home/amr/turtlebot3_ws/install/dynamixel_sdk/local/lib/python3.10/dist-packages/dynamixel_sdk/group_sync_write.cpp
[1.985s] -- Up-to-date symlink: /home/amr/turtlebot3_ws/install/dynamixel_sdk/local/lib/python3.10/dist-packages/dynamixel_sdk/group_sync_write.py
[1.985s] -- Up-to-date symlink: /home/amr/turtlebot3_ws/install/dynamixel_sdk/local/lib/python3.10/dist-packages/dynamixel_sdk/packet_handler.cpp
[1.985s] -- Up-to-date symlink: /home/amr/turtlebot3_ws/install/dynamixel_sdk/local/lib/python3.10/dist-packages/dynamixel_sdk/packet_handler.py
[1.985s] -- Up-to-date symlink: /home/amr/turtlebot3_ws/install/dynamixel_sdk/local/lib/python3.10/dist-packages/dynamixel_sdk/port_handler.cpp
[1.986s] -- Up-to-date symlink: /home/amr/turtlebot3_ws/install/dynamixel_sdk/local/lib/python3.10/dist-packages/dynamixel_sdk/port_handler.py
[1.986s] -- Up-to-date symlink: /home/amr/turtlebot3_ws/install/dynamixel_sdk/local/lib/python3.10/dist-packages/dynamixel_sdk/port_handler_arduino.cpp
[1.986s] -- Up-to-date symlink: /home/amr/turtlebot3_ws/install/dynamixel_sdk/local/lib/python3.10/dist-packages/dynamixel_sdk/port_handler_linux.cpp
[1.986s] -- Up-to-date symlink: /home/amr/turtlebot3_ws/install/dynamixel_sdk/local/lib/python3.10/dist-packages/dynamixel_sdk/port_handler_mac.cpp
[1.986s] -- Up-to-date symlink: /home/amr/turtlebot3_ws/install/dynamixel_sdk/local/lib/python3.10/dist-packages/dynamixel_sdk/port_handler_windows.cpp
[1.986s] -- Up-to-date symlink: /home/amr/turtlebot3_ws/install/dynamixel_sdk/local/lib/python3.10/dist-packages/dynamixel_sdk/protocol1_packet_handler.cpp
[1.986s] -- Up-to-date symlink: /home/amr/turtlebot3_ws/install/dynamixel_sdk/local/lib/python3.10/dist-packages/dynamixel_sdk/protocol1_packet_handler.py
[1.987s] -- Up-to-date symlink: /home/amr/turtlebot3_ws/install/dynamixel_sdk/local/lib/python3.10/dist-packages/dynamixel_sdk/protocol2_packet_handler.cpp
[1.987s] -- Up-to-date symlink: /home/amr/turtlebot3_ws/install/dynamixel_sdk/local/lib/python3.10/dist-packages/dynamixel_sdk/protocol2_packet_handler.py
[1.987s] -- Up-to-date symlink: /home/amr/turtlebot3_ws/install/dynamixel_sdk/local/lib/python3.10/dist-packages/dynamixel_sdk/robotis_def.py
[1.990s] -- Up-to-date symlink: /home/amr/turtlebot3_ws/install/dynamixel_sdk/share/dynamixel_sdk/environment/library_path.sh
[1.990s] -- Up-to-date symlink: /home/amr/turtlebot3_ws/install/dynamixel_sdk/share/dynamixel_sdk/environment/library_path.dsv
[1.990s] -- Up-to-date symlink: /home/amr/turtlebot3_ws/install/dynamixel_sdk/share/ament_index/resource_index/package_run_dependencies/dynamixel_sdk
[1.990s] -- Up-to-date symlink: /home/amr/turtlebot3_ws/install/dynamixel_sdk/share/ament_index/resource_index/parent_prefix_path/dynamixel_sdk
[1.991s] -- Up-to-date symlink: /home/amr/turtlebot3_ws/install/dynamixel_sdk/share/dynamixel_sdk/environment/ament_prefix_path.sh
[1.991s] -- Up-to-date symlink: /home/amr/turtlebot3_ws/install/dynamixel_sdk/share/dynamixel_sdk/environment/ament_prefix_path.dsv
[2.002s] -- Up-to-date symlink: /home/amr/turtlebot3_ws/install/dynamixel_sdk/share/dynamixel_sdk/environment/path.sh
[2.002s] -- Up-to-date symlink: /home/amr/turtlebot3_ws/install/dynamixel_sdk/share/dynamixel_sdk/environment/path.dsv
[2.003s] -- Up-to-date symlink: /home/amr/turtlebot3_ws/install/dynamixel_sdk/share/dynamixel_sdk/local_setup.bash
[2.009s] -- Up-to-date symlink: /home/amr/turtlebot3_ws/install/dynamixel_sdk/share/dynamixel_sdk/local_setup.sh
[2.009s] -- Up-to-date symlink: /home/amr/turtlebot3_ws/install/dynamixel_sdk/share/dynamixel_sdk/local_setup.zsh
[2.010s] -- Up-to-date symlink: /home/amr/turtlebot3_ws/install/dynamixel_sdk/share/dynamixel_sdk/local_setup.dsv
[2.012s] -- Symlinking: /home/amr/turtlebot3_ws/install/dynamixel_sdk/share/dynamixel_sdk/package.dsv
[2.075s] -- Up-to-date symlink: /home/amr/turtlebot3_ws/install/dynamixel_sdk/share/ament_index/resource_index/packages/dynamixel_sdk
[2.075s] -- Up-to-date symlink: /home/amr/turtlebot3_ws/install/dynamixel_sdk/share/dynamixel_sdk/cmake/ament_cmake_export_targets-extras.cmake
[2.075s] -- Up-to-date symlink: /home/amr/turtlebot3_ws/install/dynamixel_sdk/share/dynamixel_sdk/cmake/ament_cmake_export_include_directories-extras.cmake
[2.075s] -- Up-to-date symlink: /home/amr/turtlebot3_ws/install/dynamixel_sdk/share/dynamixel_sdk/cmake/ament_cmake_export_libraries-extras.cmake
[2.075s] -- Up-to-date symlink: /home/amr/turtlebot3_ws/install/dynamixel_sdk/share/dynamixel_sdk/cmake/dynamixel_sdkConfig.cmake
[2.075s] -- Up-to-date symlink: /home/amr/turtlebot3_ws/install/dynamixel_sdk/share/dynamixel_sdk/cmake/dynamixel_sdkConfig-version.cmake
[2.080s] -- Up-to-date symlink: /home/amr/turtlebot3_ws/install/dynamixel_sdk/share/dynamixel_sdk/package.xml
[2.080s] -- Up-to-date: /home/amr/turtlebot3_ws/install/dynamixel_sdk/lib/libdynamixel_sdk.so
[2.151s] Listing '/home/amr/turtlebot3_ws/install/dynamixel_sdk/local/lib/python3.10/dist-packages/dynamixel_sdk'...
[2.175s] -- Up-to-date: /home/amr/turtlebot3_ws/install/dynamixel_sdk/share/dynamixel_sdk/cmake/dynamixel_sdkExport.cmake
[2.175s] -- Up-to-date: /home/amr/turtlebot3_ws/install/dynamixel_sdk/share/dynamixel_sdk/cmake/dynamixel_sdkExport-noconfig.cmake
[2.182s] Invoked command in '/home/amr/turtlebot3_ws/build/dynamixel_sdk' returned '0': CMAKE_PREFIX_PATH=${CMAKE_PREFIX_PATH}:/home/amr/turtlebot3_ws/install/turtlebot3_teleop:/home/amr/turtlebot3_ws/install/turtlebot3_example:/home/amr/turtlebot3_ws/install/main:/home/amr/install/turtlebot3_teleop:/home/amr/install/turtlebot3_navigation2:/home/amr/install/turtlebot3_example:/home/amr/install/turtlebot3_description:/home/amr/install/main:/opt/ros/humble /usr/bin/cmake --install /home/amr/turtlebot3_ws/build/dynamixel_sdk
