[5.470s] Invoking command in '/home/amr/turtlebot3_ws/build/main': PYTHONPATH=/home/amr/turtlebot3_ws/build/main/prefix_override:/usr/lib/python3/dist-packages/colcon_core/task/python/colcon_distutils_commands:/home/amr/turtlebot3_ws/install/main/lib/python3.10/site-packages:${PYTHONPATH} /usr/bin/python3 -W ignore:setup.py install is deprecated -W ignore:easy_install command is deprecated setup.py develop --editable --build-directory /home/amr/turtlebot3_ws/build/main/build --no-deps symlink_data
[7.880s] /usr/lib/python3/dist-packages/setuptools/dist.py:723: UserWarning: Usage of dash-separated 'script-dir' will not be supported in future versions. Please use the underscore name 'script_dir' instead
[7.880s]   warnings.warn(
[8.045s] running develop
[9.709s] running egg_info
[9.716s] writing main.egg-info/PKG-INFO
[9.721s] writing dependency_links to main.egg-info/dependency_links.txt
[9.723s] writing entry points to main.egg-info/entry_points.txt
[9.724s] writing requirements to main.egg-info/requires.txt
[9.728s] writing top-level names to main.egg-info/top_level.txt
[9.732s] reading manifest file 'main.egg-info/SOURCES.txt'
[9.738s] writing manifest file 'main.egg-info/SOURCES.txt'
[9.749s] running build_ext
[9.755s] Creating /home/amr/turtlebot3_ws/install/main/lib/python3.10/site-packages/main.egg-link (link to .)
[9.756s] Installing ROS2Publisher script to /home/amr/turtlebot3_ws/install/main/lib/main
[9.759s] Installing encoder_joint_state_publisher script to /home/amr/turtlebot3_ws/install/main/lib/main
[9.763s] Installing fake_robot script to /home/amr/turtlebot3_ws/install/main/lib/main
[9.764s] Installing main script to /home/amr/turtlebot3_ws/install/main/lib/main
[9.765s] Installing odom_tf_broadcaster script to /home/amr/turtlebot3_ws/install/main/lib/main
[9.768s] 
[9.768s] Installed /home/amr/turtlebot3_ws/build/main
[9.773s] running symlink_data
[9.881s] Invoked command in '/home/amr/turtlebot3_ws/build/main' returned '0': PYTHONPATH=/home/amr/turtlebot3_ws/build/main/prefix_override:/usr/lib/python3/dist-packages/colcon_core/task/python/colcon_distutils_commands:/home/amr/turtlebot3_ws/install/main/lib/python3.10/site-packages:${PYTHONPATH} /usr/bin/python3 -W ignore:setup.py install is deprecated -W ignore:easy_install command is deprecated setup.py develop --editable --build-directory /home/amr/turtlebot3_ws/build/main/build --no-deps symlink_data
